<?xml version="1.0" encoding="UTF-8"?>
<!-- Generated by org.testng.reporters.JUnitReportReporter -->
<testsuite skipped="0" hostname="SYB-LP-TEST-008" name="fine.function" tests="4" failures="0" timestamp="08 Jan 2018 10:25:02 GMT" time="35.041" errors="0">
  <testcase name="flipkart" time="8.641" classname="fine.function"/>
  <testcase name="login" time="9.640" classname="fine.function"/>
  <testcase name="Afterlogin" time="9.449" classname="fine.function"/>
  <testcase name="switchwindow" time="7.311" classname="fine.function"/>
</testsuite> <!-- fine.function -->
